Arguments: 
  C:\Program Files\nodejs\node.exe C:\Users\Qist Bazaar\AppData\Roaming\npm\node_modules\yarn\bin\yarn.js init

PATH: 
  C:\Windows\system32;C:\Windows;C:\Windows\System32\Wbem;C:\Windows\System32\WindowsPowerShell\v1.0\;C:\Windows\System32\OpenSSH\;C:\ProgramData\chocolatey\bin;C:\Program Files\Git\cmd;C:\Users\Qist Bazaar\AppData\Roaming\nvm;C:\Program Files\nodejs;C:\Users\Qist Bazaar\.cargo\bin;C:\Users\Qist Bazaar\.local\share\solana\install\active_release\bin;C:\Users\Qist Bazaar\AppData\Local\Programs\Python\Python310\Scripts\;C:\Users\Qist Bazaar\AppData\Local\Programs\Python\Python310\;C:\Users\Qist Bazaar\AppData\Local\Microsoft\WindowsApps;C:\Users\Qist Bazaar\AppData\Local\Programs\Microsoft VS Code\bin;C:\Users\Qist Bazaar\AppData\Roaming\npm;C:\Users\Qist Bazaar\AppData\Roaming\nvm;C:\Program Files\nodejs;D:\flutter\src\flutter\bin;

Yarn version: 
  1.22.17

Node version: 
  14.15.4

Platform: 
  win32 x64

Trace: 
  Error: canceled
      at Interface.<anonymous> (C:\Users\Qist Bazaar\AppData\Roaming\npm\node_modules\yarn\lib\cli.js:137143:13)
      at Interface.emit (events.js:315:20)
      at Interface._ttyWrite (readline.js:875:16)
      at ReadStream.onkeypress (readline.js:213:10)
      at ReadStream.emit (events.js:315:20)
      at emitKeys (internal/readline/utils.js:345:14)
      at emitKeys.next (<anonymous>)
      at ReadStream.onData (readline.js:1144:36)
      at ReadStream.emit (events.js:315:20)
      at addChunk (internal/streams/readable.js:309:12)

npm manifest: 
  No manifest

yarn manifest: 
  No manifest

Lockfile: 
  No lockfile
